Loading required package: tidyverse
── Attaching core tidyverse packages ──────────────────────── tidyverse 2.0.0 ──
✔ dplyr     1.1.4     ✔ readr     2.1.6
✔ forcats   1.0.1     ✔ stringr   1.5.1
✔ ggplot2   4.0.1     ✔ tibble    3.2.1
✔ lubridate 1.9.4     ✔ tidyr     1.3.1
✔ purrr     1.0.2     
── Conflicts ────────────────────────────────────────── tidyverse_conflicts() ──
✖ dplyr::filter() masks stats::filter()
✖ dplyr::lag()    masks stats::lag()
ℹ Use the conflicted package (<http://conflicted.r-lib.org/>) to force all conflicts to become errors
Loading required package: fastcluster

Attaching package: ‘fastcluster’

The following object is masked from ‘package:stats’:

    hclust

Loading required package: latex2exp
Loading required package: grid
Loading required package: gridExtra

Attaching package: ‘gridExtra’

The following object is masked from ‘package:dplyr’:

    combine

  tidyverse fastcluster   latex2exp        grid   gridExtra 
       TRUE        TRUE        TRUE        TRUE        TRUE 
list()
Loading required package: bigstatsr
Loading required package: bigsnpr
bigstatsr   bigsnpr 
     TRUE      TRUE 

----------------------------------------------------------------------------------------------------
Partitioning variants
----------------------------------------------------------------------------------------------------

Processing chromosome 4 ...

Mean group sizes: 
    res_7     res_6     res_5     res_4     res_3     res_2     res_1 
 1.000000  3.616659  7.746627 11.389420 17.796785 34.755605 61.511905 
Partitions written to: /nobackup/proj/comet_kogwas/data/tmp/partitions/chr4.txt

----------------------------------------------------------------------------------------------------
Generating knockoffs
----------------------------------------------------------------------------------------------------
	+----------------------+
	|                      |
	|  SNPKNOCK2, v0.3     |
	|  July 21, 2020       |
	|  Matteo Sesia        |
	|                      |
	+----------------------+

Copyright (C) 2020 Stanford University.
Distributed under the GNU GPLv3 open source license.

Use --help for more information.

Command line arguments:
  --bgen /nobackup/proj/comet_kogwas/data/Nicola_chr{4:4}
  --keep /nobackup/proj/comet_kogwas/data/Nicola_qc_samples.txt
  --extract /nobackup/proj/comet_kogwas/data/Nicola_qc_chr{4:4}.txt
  --map /nobackup/proj/comet_kogwas/data/Nicola_map_chr{4:4}.txt
  --part /nobackup/proj/comet_kogwas/data/tmp/partitions/chr{4:4}.txt
  --ibd /nobackup/proj/comet_kogwas/data/Nicola_ibd_chr{4:4}.txt
  --K 10
  --cluster_size_min 1000
  --cluster_size_max 10000
  --hmm-rho 1
  --hmm-lambda 1e-3
  --windows 0
  --n_threads 4
  --seed 2020
  --compute-references
  --generate-knockoffs
  --out /nobackup/proj/comet_kogwas/data/tmp/knockoffs/knockoffs_chr{4:4}

Requested operations:
  --compute-references
  --generate_knockoffs


--------------------------------------------------------------------------------
Loading metadata
--------------------------------------------------------------------------------
Loading sample information from:
  /nobackup/proj/comet_kogwas/data/Nicola_chr4.sample
Loading legend from:
  /nobackup/proj/comet_kogwas/data/Nicola_chr4.bim
Loading partitions from:
  /nobackup/proj/comet_kogwas/data/tmp/partitions/chr4.txt
Loading IBD segments from:
  /nobackup/proj/comet_kogwas/data/Nicola_ibd_chr4.txt
Loaded 36696 IBD segments.

Printing summary of 1 windows:
     0: 0--15501
Summary of metadata for chromosome 1:
  number of samples (after | before filtering) : 24510 | 24510
  number of SNPs (after | before filtering)    : 15501 | 15501
  number of variant partitions                 : 7
  size of genomic windows                      : whole-chromosome
  number of IBD segments                       : 36696


--------------------------------------------------------------------------------
Kinship (using only haplotype data)
--------------------------------------------------------------------------------
Reached 1
Chromosome 1 will be loaded from:
  haplotype file            : /nobackup/proj/comet_kogwas/data/Nicola_chr4.bgen
  sample file               : /nobackup/proj/comet_kogwas/data/Nicola_chr4.sample
  legend file               : /nobackup/proj/comet_kogwas/data/Nicola_chr4.bim
  thinning factor           : 10
  sample filter file        : /nobackup/proj/comet_kogwas/data/Nicola_qc_samples.txt
  variant filter file       : /nobackup/proj/comet_kogwas/data/Nicola_qc_chr4.txt
  number of SNPs            : 1551
  number of haplotypes      : 49020

Reading BGEN file using 4 threads:
|....................................................................................................|
|====================================================================================================|
Solving 1 bifurcating K-means problems using 1 threads.

Bifurcating K-means
Smallest allowed cluster size: 1000
 step	 cluster	    size	    left	   right	accepted
    1	       0	   49020	   24446	   24574	     yes	
    2	       0	   24446	   13406	   11040	     yes	
    3	       0	   13406	    6918	    6488	     yes	
    5	       1	   24574	    9176	   15398	     yes	
    7	       2	   11040	    4370	    6670	     yes	
   10	       4	   15398	   10074	    5324	     yes	
   11	       4	   10074	    5402	    4672	     yes	
Bifurcating K-means completed after 14 steps.
Number of clusters: 8.


Kinship clusters written to:
  /nobackup/proj/comet_kogwas/data/tmp/knockoffs/knockoffs_chr4_clust.txt
  /nobackup/proj/comet_kogwas/data/tmp/knockoffs/knockoffs_chr4.sample

Assigning references for the whole chromosome using 4 threads: 
|....................................................................................................|
|====================================================================================================|

Reached 2
Individual global references written to:
  /nobackup/proj/comet_kogwas/data/tmp/knockoffs/knockoffs_chr4_lref.txt

Individual local references written to:
  /nobackup/proj/comet_kogwas/data/tmp/knockoffs/knockoffs_chr4_ref.txt


--------------------------------------------------------------------------------
Knockoffs for chromosome 1
--------------------------------------------------------------------------------
Chromosome 1 will be loaded from:
  haplotype file            : /nobackup/proj/comet_kogwas/data/Nicola_chr4
  haplotype file format     : bgen
  sample file               : /nobackup/proj/comet_kogwas/data/Nicola_chr4.sample
  legend file               : /nobackup/proj/comet_kogwas/data/Nicola_chr4.bim
  map file                  : /nobackup/proj/comet_kogwas/data/Nicola_map_chr4.txt
  sample filter file        : /nobackup/proj/comet_kogwas/data/Nicola_qc_samples.txt
  variant filter file       : /nobackup/proj/comet_kogwas/data/Nicola_qc_chr4.txt
  number of SNPs            : 15501
  number of windows         : 1
  number of haplotypes      : 49020

Loading data for chromosome 1
Reading BGEN file using 4 threads:
|....................................................................................................|
|====================================================================================================|

Initializing HMM with user-supplied hyperparameters: rho = 1, lambda = 0.001.

HMM parameters written to:
  /nobackup/proj/comet_kogwas/data/tmp/knockoffs/knockoffs_chr4_hmm.txt

SNP groups written to:
  /nobackup/proj/comet_kogwas/data/tmp/knockoffs/knockoffs_chr4_res0_grp.txt
SNP windows written to:
  /nobackup/proj/comet_kogwas/data/tmp/knockoffs/knockoffs_chr4_res0_windows.txt

Generating related knockoffs for chromosome 1 (30473 haplotypes in 2722 families, 15501 variants in 15501 groups):
|....................................................................................................|
|===========================================================================