Loading required package: tidyverse
── Attaching core tidyverse packages ──────────────────────── tidyverse 2.0.0 ──
✔ dplyr     1.1.4     ✔ readr     2.1.6
✔ forcats   1.0.1     ✔ stringr   1.5.1
✔ ggplot2   4.0.1     ✔ tibble    3.2.1
✔ lubridate 1.9.4     ✔ tidyr     1.3.1
✔ purrr     1.0.2     
── Conflicts ────────────────────────────────────────── tidyverse_conflicts() ──
✖ dplyr::filter() masks stats::filter()
✖ dplyr::lag()    masks stats::lag()
ℹ Use the conflicted package (<http://conflicted.r-lib.org/>) to force all conflicts to become errors
Loading required package: fastcluster

Attaching package: ‘fastcluster’

The following object is masked from ‘package:stats’:

    hclust

Loading required package: latex2exp
Loading required package: grid
Loading required package: gridExtra

Attaching package: ‘gridExtra’

The following object is masked from ‘package:dplyr’:

    combine

  tidyverse fastcluster   latex2exp        grid   gridExtra 
       TRUE        TRUE        TRUE        TRUE        TRUE 
list()
Loading required package: bigstatsr
Loading required package: bigsnpr
bigstatsr   bigsnpr 
     TRUE      TRUE 

----------------------------------------------------------------------------------------------------
Filtering the test statistics
----------------------------------------------------------------------------------------------------

Processing at resolution 6 ...

`summarise()` has grouped output by 'CHR', 'Group', 'SNP.lead', 'BP.lead',
'Size'. You can override using the `.groups` argument.
Selections:
# A tibble: 16 × 9
     CHR Group SNP.lead    BP.lead  Size      W   BP.min   BP.max BP.width
   <dbl> <dbl> <chr>         <dbl> <dbl>  <dbl>    <dbl>    <dbl>    <dbl>
 1    22    49 rs12627970 39721745    14 0.214  39594740 40083730   488990
 2    22    50 rs9607852  42258272    45 0.129  40169926 42867898  2697972
 3    22    76 rs140522   50971266    19 0.0659 50435480 51104680   669200
 4    22    32 rs1002189  30771458    19 0.0595 30658722 31290637   631915
 5    22    45 rs2284033  37534034    14 0.0571 37367928 37673781   305853
 6    22     9 rs7291930  20876509     2 0.0498 20753615 20903410   149795
 7    22    11 rs1210606  21452237     7 0.0399 21352181 21460220   108039
 8    22     7 rs2531708  20017445    21 0.0378 19766782 20189202   422420
 9    22    31 rs2857651  30075052    27 0.0369 28288136 30597810  2309674
10    22     5 rs5748167  19370586    17 0.0334 18901004 19594436   693432
11    22    17 rs1041749  24846391    13 0.0311 24460593 24991895   531302
12    22    53 rs2267597  44427612    16 0.0290 43950853 44466550   515697
13    22    21 rs8139900  26394724     6 0.0260 26283020 26438495   155475
14    22    64 rs4476     47440669     8 0.0250 47108189 47573257   465068
15    22    63 rs13057352 47095235     3 0.0245 46919541 47103512   183971
16    22    40 rs4820201  35970204     5 0.0225 35899384 36130577   231193
Discoveries written on: results/results_chr22_chr22_res6_discoveries.txt
Test statistics written on: results/results_chr22_chr22_res6_stats.txt

Processing at resolution 5 ...

`summarise()` has grouped output by 'CHR', 'Group', 'SNP.lead', 'BP.lead',
'Size'. You can override using the `.groups` argument.
Selections:
# A tibble: 23 × 9
     CHR Group SNP.lead    BP.lead  Size      W   BP.min   BP.max BP.width
   <dbl> <dbl> <chr>         <dbl> <dbl>  <dbl>    <dbl>    <dbl>    <dbl>
 1    22    81 rs12627970 39721745     8 0.134  39594740 39721745   127005
 2    22    84 rs9607852  42258272    31 0.107  41418154 42867898  1449744
 3    22    74 rs2284033  37534034     7 0.0497 37367928 37553619   185691
 4    22    16 rs7291930  20876509     1 0.0481 20753615 20903410   149795
 5    22    53 rs1002189  30771458    10 0.0477 30658722 31046587   387865
 6    22    82 rs2294360  39897792    10 0.0441 39781585 40083730   302145
 7    22   131 rs140522   50971266    10 0.0427 50937445 51104680   167235
 8    22    19 rs1210606  21452237     4 0.0404 21352181 21460220   108039
 9    22    14 rs2531708  20017445    14 0.0380 19956781 20189202   232421
10    22    11 rs5748167  19370586     9 0.0339 19154522 19594436   439914
# ℹ 13 more rows
Discoveries written on: results/results_chr22_chr22_res5_discoveries.txt
Test statistics written on: results/results_chr22_chr22_res5_stats.txt

Processing at resolution 4 ...

`summarise()` has grouped output by 'CHR', 'Group', 'SNP.lead', 'BP.lead',
'Size'. You can override using the `.groups` argument.
Selections:
# A tibble: 0 × 9
# ℹ 9 variables: CHR <dbl>, Group <dbl>, SNP.lead <chr>, BP.lead <dbl>,
#   Size <dbl>, W <dbl>, BP.min <dbl>, BP.max <dbl>, BP.width <dbl>
Discoveries written on: results/results_chr22_chr22_res4_discoveries.txt
Test statistics written on: results/results_chr22_chr22_res4_stats.txt

Processing at resolution 3 ...

`summarise()` has grouped output by 'CHR', 'Group', 'SNP.lead', 'BP.lead',
'Size'. You can override using the `.groups` argument.
Selections:
# A tibble: 0 × 9
# ℹ 9 variables: CHR <dbl>, Group <dbl>, SNP.lead <chr>, BP.lead <dbl>,
#   Size <dbl>, W <dbl>, BP.min <dbl>, BP.max <dbl>, BP.width <dbl>
Discoveries written on: results/results_chr22_chr22_res3_discoveries.txt
Test statistics written on: results/results_chr22_chr22_res3_stats.txt

Processing at resolution 2 ...

`summarise()` has grouped output by 'CHR', 'Group', 'SNP.lead', 'BP.lead',
'Size'. You can override using the `.groups` argument.
Selections:
# A tibble: 10 × 9
     CHR Group SNP.lead    BP.lead  Size      W   BP.min   BP.max BP.width
   <dbl> <dbl> <chr>         <dbl> <dbl>  <dbl>    <dbl>    <dbl>    <dbl>
 1    22   326 rs12627970 39721745     7 0.149  39659773 39721745    61972
 2    22    54 rs7291930  20876509     1 0.0519 20778066 20903410   125344
 3    22   294 rs2284033  37534034     3 0.0495 37524619 37535471    10852
 4    22   194 rs1002189  30771458     8 0.0487 30679387 30796422   117035
 5    22   338 rs4822024  41757647     6 0.0443 41648502 41799106   150604
 6    22    64 rs1210606  21452237     1 0.0394 21438417 21452237    13820
 7    22   328 rs2294360  39897792     2 0.0364 39897792 39941154    43362
 8    22   341 rs5996130  42612297     4 0.0358 42379813 42685537   305724
 9    22   339 rs9607852  42258272     5 0.0347 41961831 42282012   320181
10    22    96 rs1041749  24846391     5 0.0323 24755025 24946924   191899
Discoveries written on: results/results_chr22_chr22_res2_discoveries.txt
Test statistics written on: results/results_chr22_chr22_res2_stats.txt

Processing at resolution 1 ...

`summarise()` has grouped output by 'CHR', 'Group', 'SNP.lead', 'BP.lead',
'Size'. You can override using the `.groups` argument.
Selections:
# A tibble: 0 × 9
# ℹ 9 variables: CHR <dbl>, Group <dbl>, SNP.lead <chr>, BP.lead <dbl>,
#   Size <dbl>, W <dbl>, BP.min <dbl>, BP.max <dbl>, BP.width <dbl>
Discoveries written on: results/results_chr22_chr22_res1_discoveries.txt
Test statistics written on: results/results_chr22_chr22_res1_stats.txt

Processing at resolution 0 ...

`summarise()` has grouped output by 'CHR', 'Group', 'SNP.lead', 'BP.lead',
'Size'. You can override using the `.groups` argument.
Selections:
# A tibble: 0 × 9
# ℹ 9 variables: CHR <dbl>, Group <dbl>, SNP.lead <chr>, BP.lead <dbl>,
#   Size <dbl>, W <dbl>, BP.min <dbl>, BP.max <dbl>, BP.width <dbl>
Discoveries written on: results/results_chr22_chr22_res0_discoveries.txt
Test statistics written on: results/results_chr22_chr22_res0_stats.txt
