Loading required package: tidyverse
── Attaching core tidyverse packages ──────────────────────── tidyverse 2.0.0 ──
✔ dplyr     1.1.4     ✔ readr     2.1.6
✔ forcats   1.0.1     ✔ stringr   1.5.1
✔ ggplot2   4.0.1     ✔ tibble    3.2.1
✔ lubridate 1.9.4     ✔ tidyr     1.3.1
✔ purrr     1.0.2     
── Conflicts ────────────────────────────────────────── tidyverse_conflicts() ──
✖ dplyr::filter() masks stats::filter()
✖ dplyr::lag()    masks stats::lag()
ℹ Use the conflicted package (<http://conflicted.r-lib.org/>) to force all conflicts to become errors
Loading required package: fastcluster

Attaching package: ‘fastcluster’

The following object is masked from ‘package:stats’:

    hclust

Loading required package: latex2exp
Loading required package: grid
Loading required package: gridExtra

Attaching package: ‘gridExtra’

The following object is masked from ‘package:dplyr’:

    combine

  tidyverse fastcluster   latex2exp        grid   gridExtra 
       TRUE        TRUE        TRUE        TRUE        TRUE 
list()
Loading required package: bigstatsr
Loading required package: bigsnpr
bigstatsr   bigsnpr 
     TRUE      TRUE 

----------------------------------------------------------------------------------------------------
Partitioning variants
----------------------------------------------------------------------------------------------------

Processing chromosome 20 ...

Mean group sizes: 
    res_7     res_6     res_5     res_4     res_3     res_2     res_1 
 1.000000  3.221209  6.369786  9.112903 13.746959 26.157407 44.841270 
Partitions written to: /nobackup/proj/comet_kogwas/data/tmp/partitions/chr20.txt

----------------------------------------------------------------------------------------------------
Generating knockoffs
----------------------------------------------------------------------------------------------------
	+----------------------+
	|                      |
	|  SNPKNOCK2, v0.3     |
	|  July 21, 2020       |
	|  Matteo Sesia        |
	|                      |
	+----------------------+

Copyright (C) 2020 Stanford University.
Distributed under the GNU GPLv3 open source license.

Use --help for more information.

Command line arguments:
  --bgen /nobackup/proj/comet_kogwas/data/Nicola_chr{20:20}
  --keep /nobackup/proj/comet_kogwas/data/Nicola_qc_samples.txt
  --extract /nobackup/proj/comet_kogwas/data/Nicola_qc_chr{20:20}.txt
  --map /nobackup/proj/comet_kogwas/data/Nicola_map_chr{20:20}.txt
  --part /nobackup/proj/comet_kogwas/data/tmp/partitions/chr{20:20}.txt
  --ibd /nobackup/proj/comet_kogwas/data/Nicola_ibd_chr{20:20}.txt
  --K 10
  --cluster_size_min 1000
  --cluster_size_max 10000
  --hmm-rho 1
  --hmm-lambda 1e-3
  --windows 0
  --n_threads 4
  --seed 2020
  --compute-references
  --generate-knockoffs
  --out /nobackup/proj/comet_kogwas/data/tmp/knockoffs/knockoffs_chr{20:20}

Requested operations:
  --compute-references
  --generate_knockoffs


--------------------------------------------------------------------------------
Loading metadata
--------------------------------------------------------------------------------
Loading sample information from:
  /nobackup/proj/comet_kogwas/data/Nicola_chr20.sample
Loading legend from:
  /nobackup/proj/comet_kogwas/data/Nicola_chr20.bim
Loading partitions from:
  /nobackup/proj/comet_kogwas/data/tmp/partitions/chr20.txt
Loading IBD segments from:
  /nobackup/proj/comet_kogwas/data/Nicola_ibd_chr20.txt
Loaded 14995 IBD segments.

Printing summary of 1 windows:
     0: 0--5650
Summary of metadata for chromosome 1:
  number of samples (after | before filtering) : 24510 | 24510
  number of SNPs (after | before filtering)    : 5650 | 5650
  number of variant partitions                 : 7
  size of genomic windows                      : whole-chromosome
  number of IBD segments                       : 14995


--------------------------------------------------------------------------------
Kinship (using only haplotype data)
--------------------------------------------------------------------------------
Reached 1
Chromosome 1 will be loaded from:
  haplotype file            : /nobackup/proj/comet_kogwas/data/Nicola_chr20.bgen
  sample file               : /nobackup/proj/comet_kogwas/data/Nicola_chr20.sample
  legend file               : /nobackup/proj/comet_kogwas/data/Nicola_chr20.bim
  thinning factor           : 10
  sample filter file        : /nobackup/proj/comet_kogwas/data/Nicola_qc_samples.txt
  variant filter file       : /nobackup/proj/comet_kogwas/data/Nicola_qc_chr20.txt
  number of SNPs            : 565
  number of haplotypes      : 49020

Reading BGEN file using 4 threads:
|....................................................................................................|
|====================================================================================================|
Solving 1 bifurcating K-means problems using 1 threads.

Bifurcating K-means
Smallest allowed cluster size: 1000
 step	 cluster	    size	    left	   right	accepted
    1	       0	   49020	   22090	   26930	     yes	
    2	       0	   22090	   11134	   10956	     yes	
    3	       0	   11134	    5604	    5530	     yes	
    5	       1	   26930	   13994	   12936	     yes	
    6	       1	   13994	    7168	    6826	     yes	
    8	       2	   10956	    5430	    5526	     yes	
   11	       4	   12936	    6292	    6644	     yes	
Bifurcating K-means completed after 14 steps.
Number of clusters: 8.


Kinship clusters written to:
  /nobackup/proj/comet_kogwas/data/tmp/knockoffs/knockoffs_chr20_clust.txt
  /nobackup/proj/comet_kogwas/data/tmp/knockoffs/knockoffs_chr20.sample

Assigning references for the whole chromosome using 4 threads: 
|....................................................................................................|
|====================================================================================================|

Reached 2
Individual global references written to:
  /nobackup/proj/comet_kogwas/data/tmp/knockoffs/knockoffs_chr20_lref.txt

Individual local references written to:
  /nobackup/proj/comet_kogwas/data/tmp/knockoffs/knockoffs_chr20_ref.txt


--------------------------------------------------------------------------------
Knockoffs for chromosome 1
--------------------------------------------------------------------------------
Chromosome 1 will be loaded from:
  haplotype file            : /nobackup/proj/comet_kogwas/data/Nicola_chr20
  haplotype file format     : bgen
  sample file               : /nobackup/proj/comet_kogwas/data/Nicola_chr20.sample
  legend file               : /nobackup/proj/comet_kogwas/data/Nicola_chr20.bim
  map file                  : /nobackup/proj/comet_kogwas/data/Nicola_map_chr20.txt
  sample filter file        : /nobackup/proj/comet_kogwas/data/Nicola_qc_samples.txt
  variant filter file       : /nobackup/proj/comet_kogwas/data/Nicola_qc_chr20.txt
  number of SNPs            : 5650
  number of windows         : 1
  number of haplotypes      : 49020

Loading data for chromosome 1
Reading BGEN file using 4 threads:
|....................................................................................................|
|====================================================================================================|
/mnt/nfs/home/nrajh/StatGen/work-other/KnockOff/knockoff-gwas/new_knockoffgwas_pipeline/knockoffgwas_pipeline/knockoffgwas/module_2_knockoffs.sh: line 91: 3334065 Killed                  $SNPKNOCK2 --bgen "$3_chr{"$CHR_MIN":"$CHR_MAX"}" --keep "$3_qc_samples.txt" --extract "$3_qc_chr{"$CHR_MIN":"$CHR_MAX"}.txt" --map "$3_map_chr{"$CHR_MIN":"$CHR_MAX"}.txt" --part "$TMP_DIR/partitions/chr{"$CHR_MIN":"$CHR_MAX"}.txt" --ibd "$3_ibd_chr{"$CHR_MIN":"$CHR_MAX"}.txt" --K 10 --cluster_size_min 1000 --cluster_size_max 10000 --hmm-rho 1 --hmm-lambda 1e-3 --windows 0 --n_threads 4 --seed 2020 --compute-references --generate-knockoffs --out $TMP_DIR"/knockoffs/knockoffs_chr{"$CHR_MIN":"$CHR_MAX"}"
