PLINK v1.9.0-b.7.7 64-bit (22 Oct 2024)
Options in effect:
  --bfile results/tmp/knockoffs/knockoffs_chr21_res1
  --freq
  --keep-allele-order
  --ld-window 2
  --ld-window-kb 0
  --memory 9000
  --out results/knockoffs_gof/knockoffs_chr21_res1_self
  --r in-phase

Hostname: finan
Working directory: /home/unix/nrajh/StatGen/work-other/KnockOff/KnockoffGWAS/example_new_pipeline
Start time: Mon Mar 31 16:18:24 2025

Random number seed: 1743434304
63857 MB RAM detected; reserving 9000 MB for main workspace.
2000 variants loaded from .bim file.
1000 people (495 males, 505 females) loaded from .fam.
Using up to 8 threads (change this with --threads).
Before main variant filters, 1000 founders and 0 nonfounders present.
Calculating allele frequencies... done.
Total genotyping rate is exactly 1.
--freq: Allele frequencies (founders only) written to
results/knockoffs_gof/knockoffs_chr21_res1_self.frq .
2000 variants and 1000 people pass filters and QC.
Note: No phenotypes present.
Running --r with the following filters:
  --ld-window: 2
  --ld-window-kb: 0
  --ld-window-r2: 0.2
--r in-phase to results/knockoffs_gof/knockoffs_chr21_res1_self.ld ...
done.

End time: Mon Mar 31 16:18:24 2025
