PLINK v1.9.0-b.7.7 64-bit (22 Oct 2024)
Options in effect:
  --bfile example_chr21
  --out example_chr21
  --recode

Hostname: finan
Working directory: /home/unix/nrajh/StatGen/work-other/KnockOff/KnockoffGWAS/example_new_pipeline
Start time: Wed May 21 10:04:15 2025

Random number seed: 1747818255
63857 MB RAM detected; reserving 31928 MB for main workspace.
1000 variants loaded from .bim file.
1000 people (495 males, 505 females) loaded from .fam.
Using 1 thread (no multithreaded calculations invoked).
Before main variant filters, 1000 founders and 0 nonfounders present.
Calculating allele frequencies... done.
Total genotyping rate is exactly 1.
1000 variants and 1000 people pass filters and QC.
Note: No phenotypes present.
--recode ped to example_chr21.ped + example_chr21.map ... done.

End time: Wed May 21 10:04:15 2025
